2013/06/22 00:08:38 [error] [exception.CException] exception 'CException' with message 'TopBar and its behaviors do not have a method or closure named "createUrl".' in C:\Users\akkas\Dropbox\yiiApps\My-Blog\framework\base\CComponent.php:266
Stack trace:
#0 C:\Users\akkas\Dropbox\yiiApps\My-Blog\protected\components\views\_topbar.php(4): CComponent->__call('createUrl', Array)
#1 C:\Users\akkas\Dropbox\yiiApps\My-Blog\protected\components\views\_topbar.php(4): TopBar->createUrl(Array)
#2 C:\Users\akkas\Dropbox\yiiApps\My-Blog\framework\web\CBaseController.php(131): require('C:\Users\akkas\...')
#3 C:\Users\akkas\Dropbox\yiiApps\My-Blog\framework\web\CBaseController.php(96): CBaseController->renderInternal('C:\Users\akkas\...', Array, false)
#4 C:\Users\akkas\Dropbox\yiiApps\My-Blog\framework\web\widgets\CWidget.php(244): CBaseController->renderFile('C:\Users\akkas\...', Array, false)
#5 C:\Users\akkas\Dropbox\yiiApps\My-Blog\protected\components\TopBar.php(7): CWidget->render('_topbar', Array)
#6 C:\Users\akkas\Dropbox\yiiApps\My-Blog\framework\web\CBaseController.php(174): TopBar->run()
#7 C:\Users\akkas\Dropbox\yiiApps\My-Blog\themes\mythema\views\layouts\main.php(41): CBaseController->widget('application.com...', Array)
#8 C:\Users\akkas\Dropbox\yiiApps\My-Blog\framework\web\CBaseController.php(127): require('C:\Users\akkas\...')
#9 C:\Users\akkas\Dropbox\yiiApps\My-Blog\framework\web\CBaseController.php(96): CBaseController->renderInternal('C:\Users\akkas\...', Array, true)
#10 C:\Users\akkas\Dropbox\yiiApps\My-Blog\framework\web\widgets\CContentDecorator.php(77): CBaseController->renderFile('C:\Users\akkas\...', Array, true)
#11 C:\Users\akkas\Dropbox\yiiApps\My-Blog\framework\web\widgets\CContentDecorator.php(55): CContentDecorator->decorate('??        ??<h1...')
#12 C:\Users\akkas\Dropbox\yiiApps\My-Blog\framework\web\widgets\COutputProcessor.php(45): CContentDecorator->processOutput('??        ??<h1...')
#13 C:\Users\akkas\Dropbox\yiiApps\My-Blog\framework\web\CBaseController.php(207): COutputProcessor->run()
#14 C:\Users\akkas\Dropbox\yiiApps\My-Blog\framework\web\CBaseController.php(301): CBaseController->endWidget('CContentDecorat...')
#15 C:\Users\akkas\Dropbox\yiiApps\My-Blog\themes\mythema\views\layouts\column2.php(6): CBaseController->endContent()
#16 C:\Users\akkas\Dropbox\yiiApps\My-Blog\framework\web\CBaseController.php(127): require('C:\Users\akkas\...')
#17 C:\Users\akkas\Dropbox\yiiApps\My-Blog\framework\web\CBaseController.php(96): CBaseController->renderInternal('C:\Users\akkas\...', Array, true)
#18 C:\Users\akkas\Dropbox\yiiApps\My-Blog\framework\web\CController.php(785): CBaseController->renderFile('C:\Users\akkas\...', Array, true)
#19 C:\Users\akkas\Dropbox\yiiApps\My-Blog\protected\controllers\ArticleController.php(238): CController->render('index', Array)
#20 C:\Users\akkas\Dropbox\yiiApps\My-Blog\framework\web\actions\CInlineAction.php(50): ArticleController->actionIndex()
#21 C:\Users\akkas\Dropbox\yiiApps\My-Blog\framework\web\CController.php(309): CInlineAction->runWithParams(Array)
#22 C:\Users\akkas\Dropbox\yiiApps\My-Blog\framework\web\filters\CFilterChain.php(134): CController->runAction(Object(CInlineAction))
#23 C:\Users\akkas\Dropbox\yiiApps\My-Blog\framework\web\filters\CFilter.php(41): CFilterChain->run()
#24 C:\Users\akkas\Dropbox\yiiApps\My-Blog\framework\web\CController.php(1146): CFilter->filter(Object(CFilterChain))
#25 C:\Users\akkas\Dropbox\yiiApps\My-Blog\framework\web\filters\CInlineFilter.php(59): CController->filterAccessControl(Object(CFilterChain))
#26 C:\Users\akkas\Dropbox\yiiApps\My-Blog\framework\web\filters\CFilterChain.php(131): CInlineFilter->filter(Object(CFilterChain))
#27 C:\Users\akkas\Dropbox\yiiApps\My-Blog\framework\web\CController.php(292): CFilterChain->run()
#28 C:\Users\akkas\Dropbox\yiiApps\My-Blog\framework\web\CController.php(266): CController->runActionWithFilters(Object(CInlineAction), Array)
#29 C:\Users\akkas\Dropbox\yiiApps\My-Blog\framework\web\CWebApplication.php(276): CController->run('index')
#30 C:\Users\akkas\Dropbox\yiiApps\My-Blog\framework\web\CWebApplication.php(135): CWebApplication->runController('article/index')
#31 C:\Users\akkas\Dropbox\yiiApps\My-Blog\framework\base\CApplication.php(162): CWebApplication->processRequest()
#32 C:\Users\akkas\Dropbox\yiiApps\My-Blog\index.php(16): CApplication->run()
#33 {main}
REQUEST_URI=/my-blog/index.php?r=article/index
---
2013/06/22 00:10:09 [error] [exception.CException] exception 'CException' with message 'TopBar and its behaviors do not have a method or closure named "createUrl".' in C:\Users\akkas\Dropbox\yiiApps\My-Blog\framework\base\CComponent.php:266
Stack trace:
#0 C:\Users\akkas\Dropbox\yiiApps\My-Blog\protected\components\views\_topbar.php(4): CComponent->__call('createUrl', Array)
#1 C:\Users\akkas\Dropbox\yiiApps\My-Blog\protected\components\views\_topbar.php(4): TopBar->createUrl(Array)
#2 C:\Users\akkas\Dropbox\yiiApps\My-Blog\framework\web\CBaseController.php(131): require('C:\Users\akkas\...')
#3 C:\Users\akkas\Dropbox\yiiApps\My-Blog\framework\web\CBaseController.php(96): CBaseController->renderInternal('C:\Users\akkas\...', Array, false)
#4 C:\Users\akkas\Dropbox\yiiApps\My-Blog\framework\web\widgets\CWidget.php(244): CBaseController->renderFile('C:\Users\akkas\...', Array, false)
#5 C:\Users\akkas\Dropbox\yiiApps\My-Blog\protected\components\TopBar.php(7): CWidget->render('_topbar', Array)
#6 C:\Users\akkas\Dropbox\yiiApps\My-Blog\framework\web\CBaseController.php(174): TopBar->run()
#7 C:\Users\akkas\Dropbox\yiiApps\My-Blog\themes\mythema\views\layouts\main.php(41): CBaseController->widget('application.com...', Array)
#8 C:\Users\akkas\Dropbox\yiiApps\My-Blog\framework\web\CBaseController.php(127): require('C:\Users\akkas\...')
#9 C:\Users\akkas\Dropbox\yiiApps\My-Blog\framework\web\CBaseController.php(96): CBaseController->renderInternal('C:\Users\akkas\...', Array, true)
#10 C:\Users\akkas\Dropbox\yiiApps\My-Blog\framework\web\widgets\CContentDecorator.php(77): CBaseController->renderFile('C:\Users\akkas\...', Array, true)
#11 C:\Users\akkas\Dropbox\yiiApps\My-Blog\framework\web\widgets\CContentDecorator.php(55): CContentDecorator->decorate('??        ??<h1...')
#12 C:\Users\akkas\Dropbox\yiiApps\My-Blog\framework\web\widgets\COutputProcessor.php(45): CContentDecorator->processOutput('??        ??<h1...')
#13 C:\Users\akkas\Dropbox\yiiApps\My-Blog\framework\web\CBaseController.php(207): COutputProcessor->run()
#14 C:\Users\akkas\Dropbox\yiiApps\My-Blog\framework\web\CBaseController.php(301): CBaseController->endWidget('CContentDecorat...')
#15 C:\Users\akkas\Dropbox\yiiApps\My-Blog\themes\mythema\views\layouts\column2.php(6): CBaseController->endContent()
#16 C:\Users\akkas\Dropbox\yiiApps\My-Blog\framework\web\CBaseController.php(127): require('C:\Users\akkas\...')
#17 C:\Users\akkas\Dropbox\yiiApps\My-Blog\framework\web\CBaseController.php(96): CBaseController->renderInternal('C:\Users\akkas\...', Array, true)
#18 C:\Users\akkas\Dropbox\yiiApps\My-Blog\framework\web\CController.php(785): CBaseController->renderFile('C:\Users\akkas\...', Array, true)
#19 C:\Users\akkas\Dropbox\yiiApps\My-Blog\protected\controllers\ArticleController.php(238): CController->render('index', Array)
#20 C:\Users\akkas\Dropbox\yiiApps\My-Blog\framework\web\actions\CInlineAction.php(50): ArticleController->actionIndex()
#21 C:\Users\akkas\Dropbox\yiiApps\My-Blog\framework\web\CController.php(309): CInlineAction->runWithParams(Array)
#22 C:\Users\akkas\Dropbox\yiiApps\My-Blog\framework\web\filters\CFilterChain.php(134): CController->runAction(Object(CInlineAction))
#23 C:\Users\akkas\Dropbox\yiiApps\My-Blog\framework\web\filters\CFilter.php(41): CFilterChain->run()
#24 C:\Users\akkas\Dropbox\yiiApps\My-Blog\framework\web\CController.php(1146): CFilter->filter(Object(CFilterChain))
#25 C:\Users\akkas\Dropbox\yiiApps\My-Blog\framework\web\filters\CInlineFilter.php(59): CController->filterAccessControl(Object(CFilterChain))
#26 C:\Users\akkas\Dropbox\yiiApps\My-Blog\framework\web\filters\CFilterChain.php(131): CInlineFilter->filter(Object(CFilterChain))
#27 C:\Users\akkas\Dropbox\yiiApps\My-Blog\framework\web\CController.php(292): CFilterChain->run()
#28 C:\Users\akkas\Dropbox\yiiApps\My-Blog\framework\web\CController.php(266): CController->runActionWithFilters(Object(CInlineAction), Array)
#29 C:\Users\akkas\Dropbox\yiiApps\My-Blog\framework\web\CWebApplication.php(276): CController->run('index')
#30 C:\Users\akkas\Dropbox\yiiApps\My-Blog\framework\web\CWebApplication.php(135): CWebApplication->runController('article/index')
#31 C:\Users\akkas\Dropbox\yiiApps\My-Blog\framework\base\CApplication.php(162): CWebApplication->processRequest()
#32 C:\Users\akkas\Dropbox\yiiApps\My-Blog\index.php(16): CApplication->run()
#33 {main}
REQUEST_URI=/my-blog/index.php?r=article/index
---
2013/06/22 00:10:23 [error] [php] trim() expects parameter 1 to be string, array given (C:\Users\akkas\Dropbox\yiiApps\My-Blog\framework\web\CUrlManager.php:294)
Stack trace:
#0 C:\Users\akkas\Dropbox\yiiApps\My-Blog\protected\components\views\_topbar.php(4): CWebApplication->createUrl()
#1 C:\Users\akkas\Dropbox\yiiApps\My-Blog\framework\web\CBaseController.php(131): require()
#2 C:\Users\akkas\Dropbox\yiiApps\My-Blog\framework\web\CBaseController.php(96): TopBar->renderInternal()
#3 C:\Users\akkas\Dropbox\yiiApps\My-Blog\framework\web\widgets\CWidget.php(244): TopBar->renderFile()
#4 C:\Users\akkas\Dropbox\yiiApps\My-Blog\protected\components\TopBar.php(7): TopBar->render()
#5 C:\Users\akkas\Dropbox\yiiApps\My-Blog\framework\web\CBaseController.php(174): TopBar->run()
#6 C:\Users\akkas\Dropbox\yiiApps\My-Blog\themes\mythema\views\layouts\main.php(41): ArticleController->widget()
#7 C:\Users\akkas\Dropbox\yiiApps\My-Blog\framework\web\CBaseController.php(127): require()
#8 C:\Users\akkas\Dropbox\yiiApps\My-Blog\framework\web\CBaseController.php(96): ArticleController->renderInternal()
#9 C:\Users\akkas\Dropbox\yiiApps\My-Blog\framework\web\widgets\CContentDecorator.php(77): ArticleController->renderFile()
#10 C:\Users\akkas\Dropbox\yiiApps\My-Blog\framework\web\widgets\CContentDecorator.php(55): CContentDecorator->decorate()
#11 C:\Users\akkas\Dropbox\yiiApps\My-Blog\framework\web\widgets\COutputProcessor.php(45): CContentDecorator->processOutput()
#12 C:\Users\akkas\Dropbox\yiiApps\My-Blog\framework\web\CBaseController.php(207): CContentDecorator->run()
#13 C:\Users\akkas\Dropbox\yiiApps\My-Blog\framework\web\CBaseController.php(301): ArticleController->endWidget()
#14 C:\Users\akkas\Dropbox\yiiApps\My-Blog\themes\mythema\views\layouts\column2.php(6): ArticleController->endContent()
#15 C:\Users\akkas\Dropbox\yiiApps\My-Blog\framework\web\CBaseController.php(127): require()
#16 C:\Users\akkas\Dropbox\yiiApps\My-Blog\framework\web\CBaseController.php(96): ArticleController->renderInternal()
#17 C:\Users\akkas\Dropbox\yiiApps\My-Blog\framework\web\CController.php(785): ArticleController->renderFile()
#18 C:\Users\akkas\Dropbox\yiiApps\My-Blog\protected\controllers\ArticleController.php(238): ArticleController->render()
#19 C:\Users\akkas\Dropbox\yiiApps\My-Blog\framework\web\actions\CInlineAction.php(50): ArticleController->actionIndex()
#20 C:\Users\akkas\Dropbox\yiiApps\My-Blog\framework\web\CController.php(309): CInlineAction->runWithParams()
#21 C:\Users\akkas\Dropbox\yiiApps\My-Blog\framework\web\filters\CFilterChain.php(134): ArticleController->runAction()
#22 C:\Users\akkas\Dropbox\yiiApps\My-Blog\framework\web\filters\CFilter.php(41): CFilterChain->run()
#23 C:\Users\akkas\Dropbox\yiiApps\My-Blog\framework\web\CController.php(1146): CAccessControlFilter->filter()
#24 C:\Users\akkas\Dropbox\yiiApps\My-Blog\framework\web\filters\CInlineFilter.php(59): ArticleController->filterAccessControl()
#25 C:\Users\akkas\Dropbox\yiiApps\My-Blog\framework\web\filters\CFilterChain.php(131): CInlineFilter->filter()
#26 C:\Users\akkas\Dropbox\yiiApps\My-Blog\framework\web\CController.php(292): CFilterChain->run()
#27 C:\Users\akkas\Dropbox\yiiApps\My-Blog\framework\web\CController.php(266): ArticleController->runActionWithFilters()
#28 C:\Users\akkas\Dropbox\yiiApps\My-Blog\framework\web\CWebApplication.php(276): ArticleController->run()
#29 C:\Users\akkas\Dropbox\yiiApps\My-Blog\framework\web\CWebApplication.php(135): CWebApplication->runController()
#30 C:\Users\akkas\Dropbox\yiiApps\My-Blog\framework\base\CApplication.php(162): CWebApplication->processRequest()
#31 C:\Users\akkas\Dropbox\yiiApps\My-Blog\index.php(16): CWebApplication->run()
REQUEST_URI=/my-blog/index.php?r=article/index
in C:\Users\akkas\Dropbox\yiiApps\My-Blog\protected\components\views\_topbar.php (4)
in C:\Users\akkas\Dropbox\yiiApps\My-Blog\protected\components\TopBar.php (7)
in C:\Users\akkas\Dropbox\yiiApps\My-Blog\themes\mythema\views\layouts\main.php (41)
2013/06/22 00:11:04 [error] [php] trim() expects parameter 1 to be string, array given (C:\Users\akkas\Dropbox\yiiApps\My-Blog\framework\web\CUrlManager.php:294)
Stack trace:
#0 C:\Users\akkas\Dropbox\yiiApps\My-Blog\protected\components\views\_topbar.php(8): CWebApplication->createUrl()
#1 C:\Users\akkas\Dropbox\yiiApps\My-Blog\framework\web\CBaseController.php(131): require()
#2 C:\Users\akkas\Dropbox\yiiApps\My-Blog\framework\web\CBaseController.php(96): TopBar->renderInternal()
#3 C:\Users\akkas\Dropbox\yiiApps\My-Blog\framework\web\widgets\CWidget.php(244): TopBar->renderFile()
#4 C:\Users\akkas\Dropbox\yiiApps\My-Blog\protected\components\TopBar.php(7): TopBar->render()
#5 C:\Users\akkas\Dropbox\yiiApps\My-Blog\framework\web\CBaseController.php(174): TopBar->run()
#6 C:\Users\akkas\Dropbox\yiiApps\My-Blog\themes\mythema\views\layouts\main.php(41): ArticleController->widget()
#7 C:\Users\akkas\Dropbox\yiiApps\My-Blog\framework\web\CBaseController.php(127): require()
#8 C:\Users\akkas\Dropbox\yiiApps\My-Blog\framework\web\CBaseController.php(96): ArticleController->renderInternal()
#9 C:\Users\akkas\Dropbox\yiiApps\My-Blog\framework\web\widgets\CContentDecorator.php(77): ArticleController->renderFile()
#10 C:\Users\akkas\Dropbox\yiiApps\My-Blog\framework\web\widgets\CContentDecorator.php(55): CContentDecorator->decorate()
#11 C:\Users\akkas\Dropbox\yiiApps\My-Blog\framework\web\widgets\COutputProcessor.php(45): CContentDecorator->processOutput()
#12 C:\Users\akkas\Dropbox\yiiApps\My-Blog\framework\web\CBaseController.php(207): CContentDecorator->run()
#13 C:\Users\akkas\Dropbox\yiiApps\My-Blog\framework\web\CBaseController.php(301): ArticleController->endWidget()
#14 C:\Users\akkas\Dropbox\yiiApps\My-Blog\themes\mythema\views\layouts\column2.php(6): ArticleController->endContent()
#15 C:\Users\akkas\Dropbox\yiiApps\My-Blog\framework\web\CBaseController.php(127): require()
#16 C:\Users\akkas\Dropbox\yiiApps\My-Blog\framework\web\CBaseController.php(96): ArticleController->renderInternal()
#17 C:\Users\akkas\Dropbox\yiiApps\My-Blog\framework\web\CController.php(785): ArticleController->renderFile()
#18 C:\Users\akkas\Dropbox\yiiApps\My-Blog\protected\controllers\ArticleController.php(238): ArticleController->render()
#19 C:\Users\akkas\Dropbox\yiiApps\My-Blog\framework\web\actions\CInlineAction.php(50): ArticleController->actionIndex()
#20 C:\Users\akkas\Dropbox\yiiApps\My-Blog\framework\web\CController.php(309): CInlineAction->runWithParams()
#21 C:\Users\akkas\Dropbox\yiiApps\My-Blog\framework\web\filters\CFilterChain.php(134): ArticleController->runAction()
#22 C:\Users\akkas\Dropbox\yiiApps\My-Blog\framework\web\filters\CFilter.php(41): CFilterChain->run()
#23 C:\Users\akkas\Dropbox\yiiApps\My-Blog\framework\web\CController.php(1146): CAccessControlFilter->filter()
#24 C:\Users\akkas\Dropbox\yiiApps\My-Blog\framework\web\filters\CInlineFilter.php(59): ArticleController->filterAccessControl()
#25 C:\Users\akkas\Dropbox\yiiApps\My-Blog\framework\web\filters\CFilterChain.php(131): CInlineFilter->filter()
#26 C:\Users\akkas\Dropbox\yiiApps\My-Blog\framework\web\CController.php(292): CFilterChain->run()
#27 C:\Users\akkas\Dropbox\yiiApps\My-Blog\framework\web\CController.php(266): ArticleController->runActionWithFilters()
#28 C:\Users\akkas\Dropbox\yiiApps\My-Blog\framework\web\CWebApplication.php(276): ArticleController->run()
#29 C:\Users\akkas\Dropbox\yiiApps\My-Blog\framework\web\CWebApplication.php(135): CWebApplication->runController()
#30 C:\Users\akkas\Dropbox\yiiApps\My-Blog\framework\base\CApplication.php(162): CWebApplication->processRequest()
#31 C:\Users\akkas\Dropbox\yiiApps\My-Blog\index.php(16): CWebApplication->run()
REQUEST_URI=/my-blog/index.php?r=article/index
in C:\Users\akkas\Dropbox\yiiApps\My-Blog\protected\components\views\_topbar.php (8)
in C:\Users\akkas\Dropbox\yiiApps\My-Blog\protected\components\TopBar.php (7)
in C:\Users\akkas\Dropbox\yiiApps\My-Blog\themes\mythema\views\layouts\main.php (41)
2013/06/22 00:11:54 [error] [php] trim() expects parameter 1 to be string, array given (C:\Users\akkas\Dropbox\yiiApps\My-Blog\framework\web\CUrlManager.php:294)
Stack trace:
#0 C:\Users\akkas\Dropbox\yiiApps\My-Blog\framework\base\CApplication.php(537): CWebApplication->createUrl()
#1 C:\Users\akkas\Dropbox\yiiApps\My-Blog\protected\components\views\_topbar.php(8): CWebApplication->createAbsoluteUrl()
#2 C:\Users\akkas\Dropbox\yiiApps\My-Blog\framework\web\CBaseController.php(131): require()
#3 C:\Users\akkas\Dropbox\yiiApps\My-Blog\framework\web\CBaseController.php(96): TopBar->renderInternal()
#4 C:\Users\akkas\Dropbox\yiiApps\My-Blog\framework\web\widgets\CWidget.php(244): TopBar->renderFile()
#5 C:\Users\akkas\Dropbox\yiiApps\My-Blog\protected\components\TopBar.php(7): TopBar->render()
#6 C:\Users\akkas\Dropbox\yiiApps\My-Blog\framework\web\CBaseController.php(174): TopBar->run()
#7 C:\Users\akkas\Dropbox\yiiApps\My-Blog\themes\mythema\views\layouts\main.php(41): ArticleController->widget()
#8 C:\Users\akkas\Dropbox\yiiApps\My-Blog\framework\web\CBaseController.php(127): require()
#9 C:\Users\akkas\Dropbox\yiiApps\My-Blog\framework\web\CBaseController.php(96): ArticleController->renderInternal()
#10 C:\Users\akkas\Dropbox\yiiApps\My-Blog\framework\web\widgets\CContentDecorator.php(77): ArticleController->renderFile()
#11 C:\Users\akkas\Dropbox\yiiApps\My-Blog\framework\web\widgets\CContentDecorator.php(55): CContentDecorator->decorate()
#12 C:\Users\akkas\Dropbox\yiiApps\My-Blog\framework\web\widgets\COutputProcessor.php(45): CContentDecorator->processOutput()
#13 C:\Users\akkas\Dropbox\yiiApps\My-Blog\framework\web\CBaseController.php(207): CContentDecorator->run()
#14 C:\Users\akkas\Dropbox\yiiApps\My-Blog\framework\web\CBaseController.php(301): ArticleController->endWidget()
#15 C:\Users\akkas\Dropbox\yiiApps\My-Blog\themes\mythema\views\layouts\column2.php(6): ArticleController->endContent()
#16 C:\Users\akkas\Dropbox\yiiApps\My-Blog\framework\web\CBaseController.php(127): require()
#17 C:\Users\akkas\Dropbox\yiiApps\My-Blog\framework\web\CBaseController.php(96): ArticleController->renderInternal()
#18 C:\Users\akkas\Dropbox\yiiApps\My-Blog\framework\web\CController.php(785): ArticleController->renderFile()
#19 C:\Users\akkas\Dropbox\yiiApps\My-Blog\protected\controllers\ArticleController.php(238): ArticleController->render()
#20 C:\Users\akkas\Dropbox\yiiApps\My-Blog\framework\web\actions\CInlineAction.php(50): ArticleController->actionIndex()
#21 C:\Users\akkas\Dropbox\yiiApps\My-Blog\framework\web\CController.php(309): CInlineAction->runWithParams()
#22 C:\Users\akkas\Dropbox\yiiApps\My-Blog\framework\web\filters\CFilterChain.php(134): ArticleController->runAction()
#23 C:\Users\akkas\Dropbox\yiiApps\My-Blog\framework\web\filters\CFilter.php(41): CFilterChain->run()
#24 C:\Users\akkas\Dropbox\yiiApps\My-Blog\framework\web\CController.php(1146): CAccessControlFilter->filter()
#25 C:\Users\akkas\Dropbox\yiiApps\My-Blog\framework\web\filters\CInlineFilter.php(59): ArticleController->filterAccessControl()
#26 C:\Users\akkas\Dropbox\yiiApps\My-Blog\framework\web\filters\CFilterChain.php(131): CInlineFilter->filter()
#27 C:\Users\akkas\Dropbox\yiiApps\My-Blog\framework\web\CController.php(292): CFilterChain->run()
#28 C:\Users\akkas\Dropbox\yiiApps\My-Blog\framework\web\CController.php(266): ArticleController->runActionWithFilters()
#29 C:\Users\akkas\Dropbox\yiiApps\My-Blog\framework\web\CWebApplication.php(276): ArticleController->run()
#30 C:\Users\akkas\Dropbox\yiiApps\My-Blog\framework\web\CWebApplication.php(135): CWebApplication->runController()
#31 C:\Users\akkas\Dropbox\yiiApps\My-Blog\framework\base\CApplication.php(162): CWebApplication->processRequest()
#32 C:\Users\akkas\Dropbox\yiiApps\My-Blog\index.php(16): CWebApplication->run()
REQUEST_URI=/my-blog/index.php?r=article/index
in C:\Users\akkas\Dropbox\yiiApps\My-Blog\protected\components\views\_topbar.php (8)
in C:\Users\akkas\Dropbox\yiiApps\My-Blog\protected\components\TopBar.php (7)
in C:\Users\akkas\Dropbox\yiiApps\My-Blog\themes\mythema\views\layouts\main.php (41)
2013/06/22 00:12:09 [error] [php] trim() expects parameter 1 to be string, array given (C:\Users\akkas\Dropbox\yiiApps\My-Blog\framework\web\CUrlManager.php:294)
Stack trace:
#0 C:\Users\akkas\Dropbox\yiiApps\My-Blog\framework\base\CApplication.php(537): CWebApplication->createUrl()
#1 C:\Users\akkas\Dropbox\yiiApps\My-Blog\protected\components\views\_topbar.php(8): CWebApplication->createAbsoluteUrl()
#2 C:\Users\akkas\Dropbox\yiiApps\My-Blog\framework\web\CBaseController.php(131): require()
#3 C:\Users\akkas\Dropbox\yiiApps\My-Blog\framework\web\CBaseController.php(96): TopBar->renderInternal()
#4 C:\Users\akkas\Dropbox\yiiApps\My-Blog\framework\web\widgets\CWidget.php(244): TopBar->renderFile()
#5 C:\Users\akkas\Dropbox\yiiApps\My-Blog\protected\components\TopBar.php(7): TopBar->render()
#6 C:\Users\akkas\Dropbox\yiiApps\My-Blog\framework\web\CBaseController.php(174): TopBar->run()
#7 C:\Users\akkas\Dropbox\yiiApps\My-Blog\themes\mythema\views\layouts\main.php(41): ArticleController->widget()
#8 C:\Users\akkas\Dropbox\yiiApps\My-Blog\framework\web\CBaseController.php(127): require()
#9 C:\Users\akkas\Dropbox\yiiApps\My-Blog\framework\web\CBaseController.php(96): ArticleController->renderInternal()
#10 C:\Users\akkas\Dropbox\yiiApps\My-Blog\framework\web\widgets\CContentDecorator.php(77): ArticleController->renderFile()
#11 C:\Users\akkas\Dropbox\yiiApps\My-Blog\framework\web\widgets\CContentDecorator.php(55): CContentDecorator->decorate()
#12 C:\Users\akkas\Dropbox\yiiApps\My-Blog\framework\web\widgets\COutputProcessor.php(45): CContentDecorator->processOutput()
#13 C:\Users\akkas\Dropbox\yiiApps\My-Blog\framework\web\CBaseController.php(207): CContentDecorator->run()
#14 C:\Users\akkas\Dropbox\yiiApps\My-Blog\framework\web\CBaseController.php(301): ArticleController->endWidget()
#15 C:\Users\akkas\Dropbox\yiiApps\My-Blog\themes\mythema\views\layouts\column2.php(6): ArticleController->endContent()
#16 C:\Users\akkas\Dropbox\yiiApps\My-Blog\framework\web\CBaseController.php(127): require()
#17 C:\Users\akkas\Dropbox\yiiApps\My-Blog\framework\web\CBaseController.php(96): ArticleController->renderInternal()
#18 C:\Users\akkas\Dropbox\yiiApps\My-Blog\framework\web\CController.php(785): ArticleController->renderFile()
#19 C:\Users\akkas\Dropbox\yiiApps\My-Blog\protected\controllers\ArticleController.php(238): ArticleController->render()
#20 C:\Users\akkas\Dropbox\yiiApps\My-Blog\framework\web\actions\CInlineAction.php(50): ArticleController->actionIndex()
#21 C:\Users\akkas\Dropbox\yiiApps\My-Blog\framework\web\CController.php(309): CInlineAction->runWithParams()
#22 C:\Users\akkas\Dropbox\yiiApps\My-Blog\framework\web\filters\CFilterChain.php(134): ArticleController->runAction()
#23 C:\Users\akkas\Dropbox\yiiApps\My-Blog\framework\web\filters\CFilter.php(41): CFilterChain->run()
#24 C:\Users\akkas\Dropbox\yiiApps\My-Blog\framework\web\CController.php(1146): CAccessControlFilter->filter()
#25 C:\Users\akkas\Dropbox\yiiApps\My-Blog\framework\web\filters\CInlineFilter.php(59): ArticleController->filterAccessControl()
#26 C:\Users\akkas\Dropbox\yiiApps\My-Blog\framework\web\filters\CFilterChain.php(131): CInlineFilter->filter()
#27 C:\Users\akkas\Dropbox\yiiApps\My-Blog\framework\web\CController.php(292): CFilterChain->run()
#28 C:\Users\akkas\Dropbox\yiiApps\My-Blog\framework\web\CController.php(266): ArticleController->runActionWithFilters()
#29 C:\Users\akkas\Dropbox\yiiApps\My-Blog\framework\web\CWebApplication.php(276): ArticleController->run()
#30 C:\Users\akkas\Dropbox\yiiApps\My-Blog\framework\web\CWebApplication.php(135): CWebApplication->runController()
#31 C:\Users\akkas\Dropbox\yiiApps\My-Blog\framework\base\CApplication.php(162): CWebApplication->processRequest()
#32 C:\Users\akkas\Dropbox\yiiApps\My-Blog\index.php(16): CWebApplication->run()
REQUEST_URI=/my-blog/index.php?r=article/index
in C:\Users\akkas\Dropbox\yiiApps\My-Blog\protected\components\views\_topbar.php (8)
in C:\Users\akkas\Dropbox\yiiApps\My-Blog\protected\components\TopBar.php (7)
in C:\Users\akkas\Dropbox\yiiApps\My-Blog\themes\mythema\views\layouts\main.php (41)
2013/06/22 00:12:11 [error] [php] trim() expects parameter 1 to be string, array given (C:\Users\akkas\Dropbox\yiiApps\My-Blog\framework\web\CUrlManager.php:294)
Stack trace:
#0 C:\Users\akkas\Dropbox\yiiApps\My-Blog\framework\base\CApplication.php(537): CWebApplication->createUrl()
#1 C:\Users\akkas\Dropbox\yiiApps\My-Blog\protected\components\views\_topbar.php(8): CWebApplication->createAbsoluteUrl()
#2 C:\Users\akkas\Dropbox\yiiApps\My-Blog\framework\web\CBaseController.php(131): require()
#3 C:\Users\akkas\Dropbox\yiiApps\My-Blog\framework\web\CBaseController.php(96): TopBar->renderInternal()
#4 C:\Users\akkas\Dropbox\yiiApps\My-Blog\framework\web\widgets\CWidget.php(244): TopBar->renderFile()
#5 C:\Users\akkas\Dropbox\yiiApps\My-Blog\protected\components\TopBar.php(7): TopBar->render()
#6 C:\Users\akkas\Dropbox\yiiApps\My-Blog\framework\web\CBaseController.php(174): TopBar->run()
#7 C:\Users\akkas\Dropbox\yiiApps\My-Blog\themes\mythema\views\layouts\main.php(41): ArticleController->widget()
#8 C:\Users\akkas\Dropbox\yiiApps\My-Blog\framework\web\CBaseController.php(127): require()
#9 C:\Users\akkas\Dropbox\yiiApps\My-Blog\framework\web\CBaseController.php(96): ArticleController->renderInternal()
#10 C:\Users\akkas\Dropbox\yiiApps\My-Blog\framework\web\widgets\CContentDecorator.php(77): ArticleController->renderFile()
#11 C:\Users\akkas\Dropbox\yiiApps\My-Blog\framework\web\widgets\CContentDecorator.php(55): CContentDecorator->decorate()
#12 C:\Users\akkas\Dropbox\yiiApps\My-Blog\framework\web\widgets\COutputProcessor.php(45): CContentDecorator->processOutput()
#13 C:\Users\akkas\Dropbox\yiiApps\My-Blog\framework\web\CBaseController.php(207): CContentDecorator->run()
#14 C:\Users\akkas\Dropbox\yiiApps\My-Blog\framework\web\CBaseController.php(301): ArticleController->endWidget()
#15 C:\Users\akkas\Dropbox\yiiApps\My-Blog\themes\mythema\views\layouts\column2.php(6): ArticleController->endContent()
#16 C:\Users\akkas\Dropbox\yiiApps\My-Blog\framework\web\CBaseController.php(127): require()
#17 C:\Users\akkas\Dropbox\yiiApps\My-Blog\framework\web\CBaseController.php(96): ArticleController->renderInternal()
#18 C:\Users\akkas\Dropbox\yiiApps\My-Blog\framework\web\CController.php(785): ArticleController->renderFile()
#19 C:\Users\akkas\Dropbox\yiiApps\My-Blog\protected\controllers\ArticleController.php(238): ArticleController->render()
#20 C:\Users\akkas\Dropbox\yiiApps\My-Blog\framework\web\actions\CInlineAction.php(50): ArticleController->actionIndex()
#21 C:\Users\akkas\Dropbox\yiiApps\My-Blog\framework\web\CController.php(309): CInlineAction->runWithParams()
#22 C:\Users\akkas\Dropbox\yiiApps\My-Blog\framework\web\filters\CFilterChain.php(134): ArticleController->runAction()
#23 C:\Users\akkas\Dropbox\yiiApps\My-Blog\framework\web\filters\CFilter.php(41): CFilterChain->run()
#24 C:\Users\akkas\Dropbox\yiiApps\My-Blog\framework\web\CController.php(1146): CAccessControlFilter->filter()
#25 C:\Users\akkas\Dropbox\yiiApps\My-Blog\framework\web\filters\CInlineFilter.php(59): ArticleController->filterAccessControl()
#26 C:\Users\akkas\Dropbox\yiiApps\My-Blog\framework\web\filters\CFilterChain.php(131): CInlineFilter->filter()
#27 C:\Users\akkas\Dropbox\yiiApps\My-Blog\framework\web\CController.php(292): CFilterChain->run()
#28 C:\Users\akkas\Dropbox\yiiApps\My-Blog\framework\web\CController.php(266): ArticleController->runActionWithFilters()
#29 C:\Users\akkas\Dropbox\yiiApps\My-Blog\framework\web\CWebApplication.php(276): ArticleController->run()
#30 C:\Users\akkas\Dropbox\yiiApps\My-Blog\framework\web\CWebApplication.php(135): CWebApplication->runController()
#31 C:\Users\akkas\Dropbox\yiiApps\My-Blog\framework\base\CApplication.php(162): CWebApplication->processRequest()
#32 C:\Users\akkas\Dropbox\yiiApps\My-Blog\index.php(16): CWebApplication->run()
REQUEST_URI=/my-blog/index.php?r=article/index
in C:\Users\akkas\Dropbox\yiiApps\My-Blog\protected\components\views\_topbar.php (8)
in C:\Users\akkas\Dropbox\yiiApps\My-Blog\protected\components\TopBar.php (7)
in C:\Users\akkas\Dropbox\yiiApps\My-Blog\themes\mythema\views\layouts\main.php (41)
2013/06/22 00:13:03 [error] [php] trim() expects parameter 1 to be string, array given (C:\Users\akkas\Dropbox\yiiApps\My-Blog\framework\web\CUrlManager.php:294)
Stack trace:
#0 C:\Users\akkas\Dropbox\yiiApps\My-Blog\protected\components\views\_topbar.php(17): CWebApplication->createUrl()
#1 C:\Users\akkas\Dropbox\yiiApps\My-Blog\framework\web\CBaseController.php(131): require()
#2 C:\Users\akkas\Dropbox\yiiApps\My-Blog\framework\web\CBaseController.php(96): TopBar->renderInternal()
#3 C:\Users\akkas\Dropbox\yiiApps\My-Blog\framework\web\widgets\CWidget.php(244): TopBar->renderFile()
#4 C:\Users\akkas\Dropbox\yiiApps\My-Blog\protected\components\TopBar.php(7): TopBar->render()
#5 C:\Users\akkas\Dropbox\yiiApps\My-Blog\framework\web\CBaseController.php(174): TopBar->run()
#6 C:\Users\akkas\Dropbox\yiiApps\My-Blog\themes\mythema\views\layouts\main.php(41): ArticleController->widget()
#7 C:\Users\akkas\Dropbox\yiiApps\My-Blog\framework\web\CBaseController.php(127): require()
#8 C:\Users\akkas\Dropbox\yiiApps\My-Blog\framework\web\CBaseController.php(96): ArticleController->renderInternal()
#9 C:\Users\akkas\Dropbox\yiiApps\My-Blog\framework\web\widgets\CContentDecorator.php(77): ArticleController->renderFile()
#10 C:\Users\akkas\Dropbox\yiiApps\My-Blog\framework\web\widgets\CContentDecorator.php(55): CContentDecorator->decorate()
#11 C:\Users\akkas\Dropbox\yiiApps\My-Blog\framework\web\widgets\COutputProcessor.php(45): CContentDecorator->processOutput()
#12 C:\Users\akkas\Dropbox\yiiApps\My-Blog\framework\web\CBaseController.php(207): CContentDecorator->run()
#13 C:\Users\akkas\Dropbox\yiiApps\My-Blog\framework\web\CBaseController.php(301): ArticleController->endWidget()
#14 C:\Users\akkas\Dropbox\yiiApps\My-Blog\themes\mythema\views\layouts\column2.php(6): ArticleController->endContent()
#15 C:\Users\akkas\Dropbox\yiiApps\My-Blog\framework\web\CBaseController.php(127): require()
#16 C:\Users\akkas\Dropbox\yiiApps\My-Blog\framework\web\CBaseController.php(96): ArticleController->renderInternal()
#17 C:\Users\akkas\Dropbox\yiiApps\My-Blog\framework\web\CController.php(785): ArticleController->renderFile()
#18 C:\Users\akkas\Dropbox\yiiApps\My-Blog\protected\controllers\ArticleController.php(238): ArticleController->render()
#19 C:\Users\akkas\Dropbox\yiiApps\My-Blog\framework\web\actions\CInlineAction.php(50): ArticleController->actionIndex()
#20 C:\Users\akkas\Dropbox\yiiApps\My-Blog\framework\web\CController.php(309): CInlineAction->runWithParams()
#21 C:\Users\akkas\Dropbox\yiiApps\My-Blog\framework\web\filters\CFilterChain.php(134): ArticleController->runAction()
#22 C:\Users\akkas\Dropbox\yiiApps\My-Blog\framework\web\filters\CFilter.php(41): CFilterChain->run()
#23 C:\Users\akkas\Dropbox\yiiApps\My-Blog\framework\web\CController.php(1146): CAccessControlFilter->filter()
#24 C:\Users\akkas\Dropbox\yiiApps\My-Blog\framework\web\filters\CInlineFilter.php(59): ArticleController->filterAccessControl()
#25 C:\Users\akkas\Dropbox\yiiApps\My-Blog\framework\web\filters\CFilterChain.php(131): CInlineFilter->filter()
#26 C:\Users\akkas\Dropbox\yiiApps\My-Blog\framework\web\CController.php(292): CFilterChain->run()
#27 C:\Users\akkas\Dropbox\yiiApps\My-Blog\framework\web\CController.php(266): ArticleController->runActionWithFilters()
#28 C:\Users\akkas\Dropbox\yiiApps\My-Blog\framework\web\CWebApplication.php(276): ArticleController->run()
#29 C:\Users\akkas\Dropbox\yiiApps\My-Blog\framework\web\CWebApplication.php(135): CWebApplication->runController()
#30 C:\Users\akkas\Dropbox\yiiApps\My-Blog\framework\base\CApplication.php(162): CWebApplication->processRequest()
#31 C:\Users\akkas\Dropbox\yiiApps\My-Blog\index.php(16): CWebApplication->run()
REQUEST_URI=/my-blog/index.php?r=article/index
in C:\Users\akkas\Dropbox\yiiApps\My-Blog\protected\components\views\_topbar.php (17)
in C:\Users\akkas\Dropbox\yiiApps\My-Blog\protected\components\TopBar.php (7)
in C:\Users\akkas\Dropbox\yiiApps\My-Blog\themes\mythema\views\layouts\main.php (41)
2013/06/22 00:13:32 [error] [php] trim() expects parameter 1 to be string, array given (C:\Users\akkas\Dropbox\yiiApps\My-Blog\framework\web\CUrlManager.php:294)
Stack trace:
#0 C:\Users\akkas\Dropbox\yiiApps\My-Blog\protected\components\views\_topbar.php(8): CWebApplication->createUrl()
#1 C:\Users\akkas\Dropbox\yiiApps\My-Blog\framework\web\CBaseController.php(131): require()
#2 C:\Users\akkas\Dropbox\yiiApps\My-Blog\framework\web\CBaseController.php(96): TopBar->renderInternal()
#3 C:\Users\akkas\Dropbox\yiiApps\My-Blog\framework\web\widgets\CWidget.php(244): TopBar->renderFile()
#4 C:\Users\akkas\Dropbox\yiiApps\My-Blog\protected\components\TopBar.php(7): TopBar->render()
#5 C:\Users\akkas\Dropbox\yiiApps\My-Blog\framework\web\CBaseController.php(174): TopBar->run()
#6 C:\Users\akkas\Dropbox\yiiApps\My-Blog\themes\mythema\views\layouts\main.php(41): ArticleController->widget()
#7 C:\Users\akkas\Dropbox\yiiApps\My-Blog\framework\web\CBaseController.php(127): require()
#8 C:\Users\akkas\Dropbox\yiiApps\My-Blog\framework\web\CBaseController.php(96): ArticleController->renderInternal()
#9 C:\Users\akkas\Dropbox\yiiApps\My-Blog\framework\web\widgets\CContentDecorator.php(77): ArticleController->renderFile()
#10 C:\Users\akkas\Dropbox\yiiApps\My-Blog\framework\web\widgets\CContentDecorator.php(55): CContentDecorator->decorate()
#11 C:\Users\akkas\Dropbox\yiiApps\My-Blog\framework\web\widgets\COutputProcessor.php(45): CContentDecorator->processOutput()
#12 C:\Users\akkas\Dropbox\yiiApps\My-Blog\framework\web\CBaseController.php(207): CContentDecorator->run()
#13 C:\Users\akkas\Dropbox\yiiApps\My-Blog\framework\web\CBaseController.php(301): ArticleController->endWidget()
#14 C:\Users\akkas\Dropbox\yiiApps\My-Blog\themes\mythema\views\layouts\column2.php(6): ArticleController->endContent()
#15 C:\Users\akkas\Dropbox\yiiApps\My-Blog\framework\web\CBaseController.php(127): require()
#16 C:\Users\akkas\Dropbox\yiiApps\My-Blog\framework\web\CBaseController.php(96): ArticleController->renderInternal()
#17 C:\Users\akkas\Dropbox\yiiApps\My-Blog\framework\web\CController.php(785): ArticleController->renderFile()
#18 C:\Users\akkas\Dropbox\yiiApps\My-Blog\protected\controllers\ArticleController.php(238): ArticleController->render()
#19 C:\Users\akkas\Dropbox\yiiApps\My-Blog\framework\web\actions\CInlineAction.php(50): ArticleController->actionIndex()
#20 C:\Users\akkas\Dropbox\yiiApps\My-Blog\framework\web\CController.php(309): CInlineAction->runWithParams()
#21 C:\Users\akkas\Dropbox\yiiApps\My-Blog\framework\web\filters\CFilterChain.php(134): ArticleController->runAction()
#22 C:\Users\akkas\Dropbox\yiiApps\My-Blog\framework\web\filters\CFilter.php(41): CFilterChain->run()
#23 C:\Users\akkas\Dropbox\yiiApps\My-Blog\framework\web\CController.php(1146): CAccessControlFilter->filter()
#24 C:\Users\akkas\Dropbox\yiiApps\My-Blog\framework\web\filters\CInlineFilter.php(59): ArticleController->filterAccessControl()
#25 C:\Users\akkas\Dropbox\yiiApps\My-Blog\framework\web\filters\CFilterChain.php(131): CInlineFilter->filter()
#26 C:\Users\akkas\Dropbox\yiiApps\My-Blog\framework\web\CController.php(292): CFilterChain->run()
#27 C:\Users\akkas\Dropbox\yiiApps\My-Blog\framework\web\CController.php(266): ArticleController->runActionWithFilters()
#28 C:\Users\akkas\Dropbox\yiiApps\My-Blog\framework\web\CWebApplication.php(276): ArticleController->run()
#29 C:\Users\akkas\Dropbox\yiiApps\My-Blog\framework\web\CWebApplication.php(135): CWebApplication->runController()
#30 C:\Users\akkas\Dropbox\yiiApps\My-Blog\framework\base\CApplication.php(162): CWebApplication->processRequest()
#31 C:\Users\akkas\Dropbox\yiiApps\My-Blog\index.php(16): CWebApplication->run()
REQUEST_URI=/my-blog/index.php?r=article/index
in C:\Users\akkas\Dropbox\yiiApps\My-Blog\protected\components\views\_topbar.php (8)
in C:\Users\akkas\Dropbox\yiiApps\My-Blog\protected\components\TopBar.php (7)
in C:\Users\akkas\Dropbox\yiiApps\My-Blog\themes\mythema\views\layouts\main.php (41)
2013/06/22 00:13:36 [error] [php] trim() expects parameter 1 to be string, array given (C:\Users\akkas\Dropbox\yiiApps\My-Blog\framework\web\CUrlManager.php:294)
Stack trace:
#0 C:\Users\akkas\Dropbox\yiiApps\My-Blog\protected\components\views\_topbar.php(8): CWebApplication->createUrl()
#1 C:\Users\akkas\Dropbox\yiiApps\My-Blog\framework\web\CBaseController.php(131): require()
#2 C:\Users\akkas\Dropbox\yiiApps\My-Blog\framework\web\CBaseController.php(96): TopBar->renderInternal()
#3 C:\Users\akkas\Dropbox\yiiApps\My-Blog\framework\web\widgets\CWidget.php(244): TopBar->renderFile()
#4 C:\Users\akkas\Dropbox\yiiApps\My-Blog\protected\components\TopBar.php(7): TopBar->render()
#5 C:\Users\akkas\Dropbox\yiiApps\My-Blog\framework\web\CBaseController.php(174): TopBar->run()
#6 C:\Users\akkas\Dropbox\yiiApps\My-Blog\themes\mythema\views\layouts\main.php(41): ArticleController->widget()
#7 C:\Users\akkas\Dropbox\yiiApps\My-Blog\framework\web\CBaseController.php(127): require()
#8 C:\Users\akkas\Dropbox\yiiApps\My-Blog\framework\web\CBaseController.php(96): ArticleController->renderInternal()
#9 C:\Users\akkas\Dropbox\yiiApps\My-Blog\framework\web\widgets\CContentDecorator.php(77): ArticleController->renderFile()
#10 C:\Users\akkas\Dropbox\yiiApps\My-Blog\framework\web\widgets\CContentDecorator.php(55): CContentDecorator->decorate()
#11 C:\Users\akkas\Dropbox\yiiApps\My-Blog\framework\web\widgets\COutputProcessor.php(45): CContentDecorator->processOutput()
#12 C:\Users\akkas\Dropbox\yiiApps\My-Blog\framework\web\CBaseController.php(207): CContentDecorator->run()
#13 C:\Users\akkas\Dropbox\yiiApps\My-Blog\framework\web\CBaseController.php(301): ArticleController->endWidget()
#14 C:\Users\akkas\Dropbox\yiiApps\My-Blog\themes\mythema\views\layouts\column2.php(6): ArticleController->endContent()
#15 C:\Users\akkas\Dropbox\yiiApps\My-Blog\framework\web\CBaseController.php(127): require()
#16 C:\Users\akkas\Dropbox\yiiApps\My-Blog\framework\web\CBaseController.php(96): ArticleController->renderInternal()
#17 C:\Users\akkas\Dropbox\yiiApps\My-Blog\framework\web\CController.php(785): ArticleController->renderFile()
#18 C:\Users\akkas\Dropbox\yiiApps\My-Blog\protected\controllers\ArticleController.php(238): ArticleController->render()
#19 C:\Users\akkas\Dropbox\yiiApps\My-Blog\framework\web\actions\CInlineAction.php(50): ArticleController->actionIndex()
#20 C:\Users\akkas\Dropbox\yiiApps\My-Blog\framework\web\CController.php(309): CInlineAction->runWithParams()
#21 C:\Users\akkas\Dropbox\yiiApps\My-Blog\framework\web\filters\CFilterChain.php(134): ArticleController->runAction()
#22 C:\Users\akkas\Dropbox\yiiApps\My-Blog\framework\web\filters\CFilter.php(41): CFilterChain->run()
#23 C:\Users\akkas\Dropbox\yiiApps\My-Blog\framework\web\CController.php(1146): CAccessControlFilter->filter()
#24 C:\Users\akkas\Dropbox\yiiApps\My-Blog\framework\web\filters\CInlineFilter.php(59): ArticleController->filterAccessControl()
#25 C:\Users\akkas\Dropbox\yiiApps\My-Blog\framework\web\filters\CFilterChain.php(131): CInlineFilter->filter()
#26 C:\Users\akkas\Dropbox\yiiApps\My-Blog\framework\web\CController.php(292): CFilterChain->run()
#27 C:\Users\akkas\Dropbox\yiiApps\My-Blog\framework\web\CController.php(266): ArticleController->runActionWithFilters()
#28 C:\Users\akkas\Dropbox\yiiApps\My-Blog\framework\web\CWebApplication.php(276): ArticleController->run()
#29 C:\Users\akkas\Dropbox\yiiApps\My-Blog\framework\web\CWebApplication.php(135): CWebApplication->runController()
#30 C:\Users\akkas\Dropbox\yiiApps\My-Blog\framework\base\CApplication.php(162): CWebApplication->processRequest()
#31 C:\Users\akkas\Dropbox\yiiApps\My-Blog\index.php(16): CWebApplication->run()
REQUEST_URI=/my-blog/index.php?r=article/index
in C:\Users\akkas\Dropbox\yiiApps\My-Blog\protected\components\views\_topbar.php (8)
in C:\Users\akkas\Dropbox\yiiApps\My-Blog\protected\components\TopBar.php (7)
in C:\Users\akkas\Dropbox\yiiApps\My-Blog\themes\mythema\views\layouts\main.php (41)
2013/06/22 00:14:01 [error] [exception.CHttpException.404] exception 'CHttpException' with message 'The system is unable to find the requested action "page?view=about".' in C:\Users\akkas\Dropbox\yiiApps\My-Blog\framework\web\CController.php:484
Stack trace:
#0 C:\Users\akkas\Dropbox\yiiApps\My-Blog\framework\web\CController.php(271): CController->missingAction('page?view=about')
#1 C:\Users\akkas\Dropbox\yiiApps\My-Blog\framework\web\CWebApplication.php(276): CController->run('page?view=about')
#2 C:\Users\akkas\Dropbox\yiiApps\My-Blog\framework\web\CWebApplication.php(135): CWebApplication->runController('site/page?view=...')
#3 C:\Users\akkas\Dropbox\yiiApps\My-Blog\framework\base\CApplication.php(162): CWebApplication->processRequest()
#4 C:\Users\akkas\Dropbox\yiiApps\My-Blog\index.php(16): CApplication->run()
#5 {main}
REQUEST_URI=/my-blog/index.php?r=site/page?view=about
HTTP_REFERER=http://localhost/my-blog/index.php?r=article/index
---
2013/06/22 00:14:04 [error] [exception.CHttpException.404] exception 'CHttpException' with message 'The system is unable to find the requested action "3".' in C:\Users\akkas\Dropbox\yiiApps\My-Blog\framework\web\CController.php:484
Stack trace:
#0 C:\Users\akkas\Dropbox\yiiApps\My-Blog\framework\web\CController.php(271): CController->missingAction('3')
#1 C:\Users\akkas\Dropbox\yiiApps\My-Blog\framework\web\CWebApplication.php(276): CController->run('3')
#2 C:\Users\akkas\Dropbox\yiiApps\My-Blog\framework\web\CWebApplication.php(135): CWebApplication->runController('category/3')
#3 C:\Users\akkas\Dropbox\yiiApps\My-Blog\framework\base\CApplication.php(162): CWebApplication->processRequest()
#4 C:\Users\akkas\Dropbox\yiiApps\My-Blog\index.php(16): CApplication->run()
#5 {main}
REQUEST_URI=/my-blog/index.php?r=category/3
HTTP_REFERER=http://localhost/my-blog/index.php?r=site/contact
---
2013/06/22 00:14:04 [error] [exception.CHttpException.404] exception 'CHttpException' with message 'The system is unable to find the requested action "2".' in C:\Users\akkas\Dropbox\yiiApps\My-Blog\framework\web\CController.php:484
Stack trace:
#0 C:\Users\akkas\Dropbox\yiiApps\My-Blog\framework\web\CController.php(271): CController->missingAction('2')
#1 C:\Users\akkas\Dropbox\yiiApps\My-Blog\framework\web\CWebApplication.php(276): CController->run('2')
#2 C:\Users\akkas\Dropbox\yiiApps\My-Blog\framework\web\CWebApplication.php(135): CWebApplication->runController('category/2')
#3 C:\Users\akkas\Dropbox\yiiApps\My-Blog\framework\base\CApplication.php(162): CWebApplication->processRequest()
#4 C:\Users\akkas\Dropbox\yiiApps\My-Blog\index.php(16): CApplication->run()
#5 {main}
REQUEST_URI=/my-blog/index.php?r=category/2
HTTP_REFERER=http://localhost/my-blog/index.php?r=category/3
---
2013/06/22 00:14:05 [error] [exception.CHttpException.404] exception 'CHttpException' with message 'The system is unable to find the requested action "page?view=about".' in C:\Users\akkas\Dropbox\yiiApps\My-Blog\framework\web\CController.php:484
Stack trace:
#0 C:\Users\akkas\Dropbox\yiiApps\My-Blog\framework\web\CController.php(271): CController->missingAction('page?view=about')
#1 C:\Users\akkas\Dropbox\yiiApps\My-Blog\framework\web\CWebApplication.php(276): CController->run('page?view=about')
#2 C:\Users\akkas\Dropbox\yiiApps\My-Blog\framework\web\CWebApplication.php(135): CWebApplication->runController('site/page?view=...')
#3 C:\Users\akkas\Dropbox\yiiApps\My-Blog\framework\base\CApplication.php(162): CWebApplication->processRequest()
#4 C:\Users\akkas\Dropbox\yiiApps\My-Blog\index.php(16): CApplication->run()
#5 {main}
REQUEST_URI=/my-blog/index.php?r=site/page?view=about
HTTP_REFERER=http://localhost/my-blog/index.php?r=category/2
---
2013/06/22 00:14:11 [error] [exception.CHttpException.404] exception 'CHttpException' with message 'The system is unable to find the requested action "2".' in C:\Users\akkas\Dropbox\yiiApps\My-Blog\framework\web\CController.php:484
Stack trace:
#0 C:\Users\akkas\Dropbox\yiiApps\My-Blog\framework\web\CController.php(271): CController->missingAction('2')
#1 C:\Users\akkas\Dropbox\yiiApps\My-Blog\framework\web\CWebApplication.php(276): CController->run('2')
#2 C:\Users\akkas\Dropbox\yiiApps\My-Blog\framework\web\CWebApplication.php(135): CWebApplication->runController('category/2')
#3 C:\Users\akkas\Dropbox\yiiApps\My-Blog\framework\base\CApplication.php(162): CWebApplication->processRequest()
#4 C:\Users\akkas\Dropbox\yiiApps\My-Blog\index.php(16): CApplication->run()
#5 {main}
REQUEST_URI=/my-blog/index.php?r=category/2
HTTP_REFERER=http://localhost/my-blog/index.php?r=article/index
---
2013/06/22 00:14:12 [error] [exception.CHttpException.404] exception 'CHttpException' with message 'The system is unable to find the requested action "3".' in C:\Users\akkas\Dropbox\yiiApps\My-Blog\framework\web\CController.php:484
Stack trace:
#0 C:\Users\akkas\Dropbox\yiiApps\My-Blog\framework\web\CController.php(271): CController->missingAction('3')
#1 C:\Users\akkas\Dropbox\yiiApps\My-Blog\framework\web\CWebApplication.php(276): CController->run('3')
#2 C:\Users\akkas\Dropbox\yiiApps\My-Blog\framework\web\CWebApplication.php(135): CWebApplication->runController('category/3')
#3 C:\Users\akkas\Dropbox\yiiApps\My-Blog\framework\base\CApplication.php(162): CWebApplication->processRequest()
#4 C:\Users\akkas\Dropbox\yiiApps\My-Blog\index.php(16): CApplication->run()
#5 {main}
REQUEST_URI=/my-blog/index.php?r=category/3
HTTP_REFERER=http://localhost/my-blog/index.php?r=category/2
---
2013/06/22 00:14:14 [error] [exception.CHttpException.404] exception 'CHttpException' with message 'The system is unable to find the requested action "2".' in C:\Users\akkas\Dropbox\yiiApps\My-Blog\framework\web\CController.php:484
Stack trace:
#0 C:\Users\akkas\Dropbox\yiiApps\My-Blog\framework\web\CController.php(271): CController->missingAction('2')
#1 C:\Users\akkas\Dropbox\yiiApps\My-Blog\framework\web\CWebApplication.php(276): CController->run('2')
#2 C:\Users\akkas\Dropbox\yiiApps\My-Blog\framework\web\CWebApplication.php(135): CWebApplication->runController('category/2')
#3 C:\Users\akkas\Dropbox\yiiApps\My-Blog\framework\base\CApplication.php(162): CWebApplication->processRequest()
#4 C:\Users\akkas\Dropbox\yiiApps\My-Blog\index.php(16): CApplication->run()
#5 {main}
REQUEST_URI=/my-blog/index.php?r=category/2
HTTP_REFERER=http://localhost/my-blog/index.php?r=category/3
---
2013/06/22 00:14:29 [error] [exception.CHttpException.404] exception 'CHttpException' with message 'The system is unable to find the requested action "3".' in C:\Users\akkas\Dropbox\yiiApps\My-Blog\framework\web\CController.php:484
Stack trace:
#0 C:\Users\akkas\Dropbox\yiiApps\My-Blog\framework\web\CController.php(271): CController->missingAction('3')
#1 C:\Users\akkas\Dropbox\yiiApps\My-Blog\framework\web\CWebApplication.php(276): CController->run('3')
#2 C:\Users\akkas\Dropbox\yiiApps\My-Blog\framework\web\CWebApplication.php(135): CWebApplication->runController('category/3')
#3 C:\Users\akkas\Dropbox\yiiApps\My-Blog\framework\base\CApplication.php(162): CWebApplication->processRequest()
#4 C:\Users\akkas\Dropbox\yiiApps\My-Blog\index.php(16): CApplication->run()
#5 {main}
REQUEST_URI=/my-blog/index.php?r=category/3
HTTP_REFERER=http://localhost/my-blog/index.php?r=article/index
---
2013/06/22 00:21:08 [error] [php] trim() expects parameter 1 to be string, array given (C:\Users\akkas\Dropbox\yiiApps\My-Blog\framework\web\CUrlManager.php:294)
Stack trace:
#0 C:\Users\akkas\Dropbox\yiiApps\My-Blog\protected\components\views\_topbar.php(4): CWebApplication->createUrl()
#1 C:\Users\akkas\Dropbox\yiiApps\My-Blog\framework\web\CBaseController.php(131): require()
#2 C:\Users\akkas\Dropbox\yiiApps\My-Blog\framework\web\CBaseController.php(96): TopBar->renderInternal()
#3 C:\Users\akkas\Dropbox\yiiApps\My-Blog\framework\web\widgets\CWidget.php(244): TopBar->renderFile()
#4 C:\Users\akkas\Dropbox\yiiApps\My-Blog\protected\components\TopBar.php(7): TopBar->render()
#5 C:\Users\akkas\Dropbox\yiiApps\My-Blog\framework\web\CBaseController.php(174): TopBar->run()
#6 C:\Users\akkas\Dropbox\yiiApps\My-Blog\themes\mythema\views\layouts\main.php(41): SiteController->widget()
#7 C:\Users\akkas\Dropbox\yiiApps\My-Blog\framework\web\CBaseController.php(127): require()
#8 C:\Users\akkas\Dropbox\yiiApps\My-Blog\framework\web\CBaseController.php(96): SiteController->renderInternal()
#9 C:\Users\akkas\Dropbox\yiiApps\My-Blog\framework\web\widgets\CContentDecorator.php(77): SiteController->renderFile()
#10 C:\Users\akkas\Dropbox\yiiApps\My-Blog\framework\web\widgets\CContentDecorator.php(55): CContentDecorator->decorate()
#11 C:\Users\akkas\Dropbox\yiiApps\My-Blog\framework\web\widgets\COutputProcessor.php(45): CContentDecorator->processOutput()
#12 C:\Users\akkas\Dropbox\yiiApps\My-Blog\framework\web\CBaseController.php(207): CContentDecorator->run()
#13 C:\Users\akkas\Dropbox\yiiApps\My-Blog\framework\web\CBaseController.php(301): SiteController->endWidget()
#14 C:\Users\akkas\Dropbox\yiiApps\My-Blog\themes\mythema\views\layouts\column1.php(7): SiteController->endContent()
#15 C:\Users\akkas\Dropbox\yiiApps\My-Blog\framework\web\CBaseController.php(127): require()
#16 C:\Users\akkas\Dropbox\yiiApps\My-Blog\framework\web\CBaseController.php(96): SiteController->renderInternal()
#17 C:\Users\akkas\Dropbox\yiiApps\My-Blog\framework\web\CController.php(785): SiteController->renderFile()
#18 C:\Users\akkas\Dropbox\yiiApps\My-Blog\protected\controllers\SiteController.php(105): SiteController->render()
#19 C:\Users\akkas\Dropbox\yiiApps\My-Blog\framework\web\actions\CInlineAction.php(50): SiteController->actionLogin()
#20 C:\Users\akkas\Dropbox\yiiApps\My-Blog\framework\web\CController.php(309): CInlineAction->runWithParams()
#21 C:\Users\akkas\Dropbox\yiiApps\My-Blog\framework\web\CController.php(287): SiteController->runAction()
#22 C:\Users\akkas\Dropbox\yiiApps\My-Blog\framework\web\CController.php(266): SiteController->runActionWithFilters()
#23 C:\Users\akkas\Dropbox\yiiApps\My-Blog\framework\web\CWebApplication.php(276): SiteController->run()
#24 C:\Users\akkas\Dropbox\yiiApps\My-Blog\framework\web\CWebApplication.php(135): CWebApplication->runController()
#25 C:\Users\akkas\Dropbox\yiiApps\My-Blog\framework\base\CApplication.php(162): CWebApplication->processRequest()
#26 C:\Users\akkas\Dropbox\yiiApps\My-Blog\index.php(16): CWebApplication->run()
REQUEST_URI=/my-blog/index.php?r=site/login
in C:\Users\akkas\Dropbox\yiiApps\My-Blog\protected\components\views\_topbar.php (4)
in C:\Users\akkas\Dropbox\yiiApps\My-Blog\protected\components\TopBar.php (7)
in C:\Users\akkas\Dropbox\yiiApps\My-Blog\themes\mythema\views\layouts\main.php (41)
2013/06/22 00:23:28 [error] [exception.CHttpException.404] exception 'CHttpException' with message 'The system is unable to find the requested action "3".' in C:\Users\akkas\Dropbox\yiiApps\My-Blog\framework\web\CController.php:484
Stack trace:
#0 C:\Users\akkas\Dropbox\yiiApps\My-Blog\framework\web\CController.php(271): CController->missingAction('3')
#1 C:\Users\akkas\Dropbox\yiiApps\My-Blog\framework\web\CWebApplication.php(276): CController->run('3')
#2 C:\Users\akkas\Dropbox\yiiApps\My-Blog\framework\web\CWebApplication.php(135): CWebApplication->runController('category/3')
#3 C:\Users\akkas\Dropbox\yiiApps\My-Blog\framework\base\CApplication.php(162): CWebApplication->processRequest()
#4 C:\Users\akkas\Dropbox\yiiApps\My-Blog\index.php(16): CApplication->run()
#5 {main}
REQUEST_URI=/my-blog/index.php?r=category/3
HTTP_REFERER=http://localhost/my-blog/index.php?r=site/contact
---
2013/06/22 00:23:29 [error] [exception.CHttpException.404] exception 'CHttpException' with message 'The system is unable to find the requested action "2".' in C:\Users\akkas\Dropbox\yiiApps\My-Blog\framework\web\CController.php:484
Stack trace:
#0 C:\Users\akkas\Dropbox\yiiApps\My-Blog\framework\web\CController.php(271): CController->missingAction('2')
#1 C:\Users\akkas\Dropbox\yiiApps\My-Blog\framework\web\CWebApplication.php(276): CController->run('2')
#2 C:\Users\akkas\Dropbox\yiiApps\My-Blog\framework\web\CWebApplication.php(135): CWebApplication->runController('category/2')
#3 C:\Users\akkas\Dropbox\yiiApps\My-Blog\framework\base\CApplication.php(162): CWebApplication->processRequest()
#4 C:\Users\akkas\Dropbox\yiiApps\My-Blog\index.php(16): CApplication->run()
#5 {main}
REQUEST_URI=/my-blog/index.php?r=category/2
HTTP_REFERER=http://localhost/my-blog/index.php?r=category/3
---
2013/06/22 00:23:31 [error] [exception.CHttpException.404] exception 'CHttpException' with message 'The system is unable to find the requested action "2".' in C:\Users\akkas\Dropbox\yiiApps\My-Blog\framework\web\CController.php:484
Stack trace:
#0 C:\Users\akkas\Dropbox\yiiApps\My-Blog\framework\web\CController.php(271): CController->missingAction('2')
#1 C:\Users\akkas\Dropbox\yiiApps\My-Blog\framework\web\CWebApplication.php(276): CController->run('2')
#2 C:\Users\akkas\Dropbox\yiiApps\My-Blog\framework\web\CWebApplication.php(135): CWebApplication->runController('category/2')
#3 C:\Users\akkas\Dropbox\yiiApps\My-Blog\framework\base\CApplication.php(162): CWebApplication->processRequest()
#4 C:\Users\akkas\Dropbox\yiiApps\My-Blog\index.php(16): CApplication->run()
#5 {main}
REQUEST_URI=/my-blog/index.php?r=category/2
HTTP_REFERER=http://localhost/my-blog/index.php?r=site/login
---
2013/06/26 17:44:50 [error] [exception.CException] exception 'CException' with message 'Alias "jqueryui.widgets.JqueryAutocomplete" is invalid. Make sure it points to an existing directory or file.' in C:\Users\akkas\Dropbox\yiiApps\My-Blog\framework\YiiBase.php:343
Stack trace:
#0 C:\Users\akkas\Dropbox\yiiApps\My-Blog\framework\web\CWidgetFactory.php(147): YiiBase::import('jqueryui.widget...', true)
#1 C:\Users\akkas\Dropbox\yiiApps\My-Blog\framework\web\CBaseController.php(147): CWidgetFactory->createWidget(Object(ArticleController), 'jqueryui.widget...', Array)
#2 C:\Users\akkas\Dropbox\yiiApps\My-Blog\framework\web\CBaseController.php(173): CBaseController->createWidget('jqueryui.widget...', Array)
#3 C:\Users\akkas\Dropbox\yiiApps\My-Blog\protected\views\article\_form.php(66): CBaseController->widget('jqueryui.widget...', Array)
#4 C:\Users\akkas\Dropbox\yiiApps\My-Blog\framework\web\CBaseController.php(127): require('C:\Users\akkas\...')
#5 C:\Users\akkas\Dropbox\yiiApps\My-Blog\framework\web\CBaseController.php(96): CBaseController->renderInternal('C:\Users\akkas\...', Array, true)
#6 C:\Users\akkas\Dropbox\yiiApps\My-Blog\framework\web\CController.php(870): CBaseController->renderFile('C:\Users\akkas\...', Array, true)
#7 C:\Users\akkas\Dropbox\yiiApps\My-Blog\protected\views\article\create.php(15): CController->renderPartial('_form', Array)
#8 C:\Users\akkas\Dropbox\yiiApps\My-Blog\framework\web\CBaseController.php(127): require('C:\Users\akkas\...')
#9 C:\Users\akkas\Dropbox\yiiApps\My-Blog\framework\web\CBaseController.php(96): CBaseController->renderInternal('C:\Users\akkas\...', Array, true)
#10 C:\Users\akkas\Dropbox\yiiApps\My-Blog\framework\web\CController.php(870): CBaseController->renderFile('C:\Users\akkas\...', Array, true)
#11 C:\Users\akkas\Dropbox\yiiApps\My-Blog\framework\web\CController.php(783): CController->renderPartial('create', Array, true)
#12 C:\Users\akkas\Dropbox\yiiApps\My-Blog\protected\controllers\ArticleController.php(159): CController->render('create', Array)
#13 C:\Users\akkas\Dropbox\yiiApps\My-Blog\framework\web\actions\CInlineAction.php(50): ArticleController->actionCreate()
#14 C:\Users\akkas\Dropbox\yiiApps\My-Blog\framework\web\CController.php(309): CInlineAction->runWithParams(Array)
#15 C:\Users\akkas\Dropbox\yiiApps\My-Blog\framework\web\filters\CFilterChain.php(134): CController->runAction(Object(CInlineAction))
#16 C:\Users\akkas\Dropbox\yiiApps\My-Blog\framework\web\filters\CFilter.php(41): CFilterChain->run()
#17 C:\Users\akkas\Dropbox\yiiApps\My-Blog\framework\web\CController.php(1146): CFilter->filter(Object(CFilterChain))
#18 C:\Users\akkas\Dropbox\yiiApps\My-Blog\framework\web\filters\CInlineFilter.php(59): CController->filterAccessControl(Object(CFilterChain))
#19 C:\Users\akkas\Dropbox\yiiApps\My-Blog\framework\web\filters\CFilterChain.php(131): CInlineFilter->filter(Object(CFilterChain))
#20 C:\Users\akkas\Dropbox\yiiApps\My-Blog\framework\web\CController.php(292): CFilterChain->run()
#21 C:\Users\akkas\Dropbox\yiiApps\My-Blog\framework\web\CController.php(266): CController->runActionWithFilters(Object(CInlineAction), Array)
#22 C:\Users\akkas\Dropbox\yiiApps\My-Blog\framework\web\CWebApplication.php(276): CController->run('create')
#23 C:\Users\akkas\Dropbox\yiiApps\My-Blog\framework\web\CWebApplication.php(135): CWebApplication->runController('article/create')
#24 C:\Users\akkas\Dropbox\yiiApps\My-Blog\framework\base\CApplication.php(162): CWebApplication->processRequest()
#25 C:\Users\akkas\Dropbox\yiiApps\My-Blog\index.php(16): CApplication->run()
#26 {main}
REQUEST_URI=/my-blog/index.php?r=article/create
HTTP_REFERER=http://localhost/my-blog/index.php?r=site/login
---
